============================= test session starts ==============================
platform linux -- Python 3.12.3, pytest-8.4.2, pluggy-1.6.0 -- /home/thein/repos/TTA.dev/.venv/bin/python3
cachedir: .pytest_cache
metadata: {'Python': '3.12.3', 'Platform': 'Linux-6.6.87.2-microsoft-standard-WSL2-x86_64-with-glibc2.39', 'Packages': {'pytest': '8.4.2', 'pluggy': '1.6.0'}, 'Plugins': {'asyncio': '1.2.0', 'json-report': '1.5.0', 'anyio': '4.11.0', 'mock': '3.15.1', 'timeout': '2.4.0', 'langsmith': '0.4.41', 'metadata': '3.1.1', 'cov': '7.0.0'}}
rootdir: /home/thein/repos/TTA.dev/packages/tta-rebuild
configfile: pyproject.toml
plugins: asyncio-1.2.0, json-report-1.5.0, anyio-4.11.0, mock-3.15.1, timeout-2.4.0, langsmith-0.4.41, metadata-3.1.1, cov-7.0.0
asyncio: mode=Mode.AUTO, debug=False, asyncio_default_fixture_loop_scope=None, asyncio_default_test_loop_scope=function
collecting ... collected 1 item

packages/tta-rebuild/tests/simulations/quick_proof.py::test_simulation Traceback (most recent call last):
  File "/home/thein/repos/TTA.dev/packages/tta-rebuild/tests/simulations/quick_proof.py", line 154, in run_simulation
    cost = context.metadata.get("cost", 0)
           ^^^^^^^^^^^^^^^^
AttributeError: 'TTAContext' object has no attribute 'metadata'
Traceback (most recent call last):
  File "/home/thein/repos/TTA.dev/packages/tta-rebuild/tests/simulations/quick_proof.py", line 154, in run_simulation
    cost = context.metadata.get("cost", 0)
           ^^^^^^^^^^^^^^^^
AttributeError: 'TTAContext' object has no attribute 'metadata'
Traceback (most recent call last):
  File "/home/thein/repos/TTA.dev/packages/tta-rebuild/tests/simulations/quick_proof.py", line 154, in run_simulation
    cost = context.metadata.get("cost", 0)
           ^^^^^^^^^^^^^^^^
AttributeError: 'TTAContext' object has no attribute 'metadata'
Traceback (most recent call last):
  File "/home/thein/repos/TTA.dev/packages/tta-rebuild/tests/simulations/quick_proof.py", line 154, in run_simulation
    cost = context.metadata.get("cost", 0)
           ^^^^^^^^^^^^^^^^
AttributeError: 'TTAContext' object has no attribute 'metadata'
Traceback (most recent call last):
  File "/home/thein/repos/TTA.dev/packages/tta-rebuild/tests/simulations/quick_proof.py", line 154, in run_simulation
    cost = context.metadata.get("cost", 0)
           ^^^^^^^^^^^^^^^^
AttributeError: 'TTAContext' object has no attribute 'metadata'
Traceback (most recent call last):
  File "/home/thein/repos/TTA.dev/packages/tta-rebuild/tests/simulations/quick_proof.py", line 154, in run_simulation
    cost = context.metadata.get("cost", 0)
           ^^^^^^^^^^^^^^^^
AttributeError: 'TTAContext' object has no attribute 'metadata'
Traceback (most recent call last):
  File "/home/thein/repos/TTA.dev/packages/tta-rebuild/tests/simulations/quick_proof.py", line 154, in run_simulation
    cost = context.metadata.get("cost", 0)
           ^^^^^^^^^^^^^^^^
AttributeError: 'TTAContext' object has no attribute 'metadata'
Traceback (most recent call last):
  File "/home/thein/repos/TTA.dev/packages/tta-rebuild/tests/simulations/quick_proof.py", line 154, in run_simulation
    cost = context.metadata.get("cost", 0)
           ^^^^^^^^^^^^^^^^
AttributeError: 'TTAContext' object has no attribute 'metadata'
Traceback (most recent call last):
  File "/home/thein/repos/TTA.dev/packages/tta-rebuild/tests/simulations/quick_proof.py", line 154, in run_simulation
    cost = context.metadata.get("cost", 0)
           ^^^^^^^^^^^^^^^^
AttributeError: 'TTAContext' object has no attribute 'metadata'
Traceback (most recent call last):
  File "/home/thein/repos/TTA.dev/packages/tta-rebuild/tests/simulations/quick_proof.py", line 154, in run_simulation
    cost = context.metadata.get("cost", 0)
           ^^^^^^^^^^^^^^^^
AttributeError: 'TTAContext' object has no attribute 'metadata'
================================================================================
üé≠ COMPREHENSIVE STORY GENERATION SIMULATION
================================================================================
Scenarios: 10
Started: 2025-11-09T16:10:37.655912+00:00


================================================================================
[1/10] üßô Anxiety in Fantasy
================================================================================
Theme: overcoming fear through small, brave steps in an enchanted forest

‚ùå FAILED: 'TTAContext' object has no attribute 'metadata'
Full traceback:

================================================================================
[2/10] üöÄ Depression in Sci-Fi
================================================================================
Theme: finding light in darkness through space exploration

‚ùå FAILED: 'TTAContext' object has no attribute 'metadata'
Full traceback:

================================================================================
[3/10] üé® Trauma in Historical Paris
================================================================================
Theme: reclaiming personal narrative through artistic expression

‚ùå FAILED: 'TTAContext' object has no attribute 'metadata'
Full traceback:

================================================================================
[4/10] üìö Grief in Coastal Town
================================================================================
Theme: honoring memories while building new connections

‚ùå FAILED: 'TTAContext' object has no attribute 'metadata'
Full traceback:

================================================================================
[5/10] ‚ú® Social Anxiety in Urban Fantasy
================================================================================
Theme: authentic connection and self-acceptance in magical city

‚ùå FAILED: 'TTAContext' object has no attribute 'metadata'
Full traceback:

================================================================================
[6/10] üåÜ Identity in Cyberpunk
================================================================================
Theme: discovering authentic self in digital world

‚ùå FAILED: 'TTAContext' object has no attribute 'metadata'
Full traceback:

================================================================================
[7/10] üîç PTSD in Mystery Setting
================================================================================
Theme: regaining sense of safety through investigation

‚ùå FAILED: 'TTAContext' object has no attribute 'metadata'
Full traceback:

================================================================================
[8/10] üèõÔ∏è Self-Esteem in Adventure
================================================================================
Theme: recognizing inherent worth through epic quest

‚ùå FAILED: 'TTAContext' object has no attribute 'metadata'
Full traceback:

================================================================================
[9/10] ‚õ∞Ô∏è Mindfulness in Nature
================================================================================
Theme: present moment awareness through wilderness journey

‚ùå FAILED: 'TTAContext' object has no attribute 'metadata'
Full traceback:

================================================================================
[10/10] üíï Relationship Healing in Romance
================================================================================
Theme: healthy boundaries and authentic communication

‚ùå FAILED: 'TTAContext' object has no attribute 'metadata'
Full traceback:

================================================================================
üìä SIMULATION SUMMARY
================================================================================

‚úÖ Success Rate: 0/10 (0.0%)

‚ùå Failed: 10
   üßô Anxiety in Fantasy: 'TTAContext' object has no attribute 'metadata'
   üöÄ Depression in Sci-Fi: 'TTAContext' object has no attribute 'metadata'
   üé® Trauma in Historical Paris: 'TTAContext' object has no attribute 'metadata'
   üìö Grief in Coastal Town: 'TTAContext' object has no attribute 'metadata'
   ‚ú® Social Anxiety in Urban Fantasy: 'TTAContext' object has no attribute 'metadata'
   üåÜ Identity in Cyberpunk: 'TTAContext' object has no attribute 'metadata'
   üîç PTSD in Mystery Setting: 'TTAContext' object has no attribute 'metadata'
   üèõÔ∏è Self-Esteem in Adventure: 'TTAContext' object has no attribute 'metadata'
   ‚õ∞Ô∏è Mindfulness in Nature: 'TTAContext' object has no attribute 'metadata'
   üíï Relationship Healing in Romance: 'TTAContext' object has no attribute 'metadata'

‚è±Ô∏è  Completed: 2025-11-09T16:13:58.009997+00:00
================================================================================

‚ö†Ô∏è  Results need improvement
PASSED/home/thein/repos/TTA.dev/.venv/lib/python3.12/site-packages/coverage/inorout.py:521: CoverageWarning: Module src/tta_rebuild was never imported. (module-not-imported); see https://coverage.readthedocs.io/en/7.11.0/messages.html#warning-module-not-imported
  self.warn(f"Module {pkg} was never imported.", slug="module-not-imported")
/home/thein/repos/TTA.dev/.venv/lib/python3.12/site-packages/coverage/control.py:946: CoverageWarning: No data was collected. (no-data-collected); see https://coverage.readthedocs.io/en/7.11.0/messages.html#warning-no-data-collected
  self._warn("No data was collected.", slug="no-data-collected")
/home/thein/repos/TTA.dev/.venv/lib/python3.12/site-packages/pytest_cov/plugin.py:363: CovReportWarning: Failed to generate report: No data to report.

  warnings.warn(CovReportWarning(message), stacklevel=1)

WARNING: Failed to generate report: No data to report.



================================ tests coverage ================================
_______________ coverage: platform linux, python 3.12.3-final-0 ________________

======================== 1 passed in 200.44s (0:03:20) =========================
